<?xml version="1.0" encoding="UTF-8"?>
<testsuite xmlns:xsi="http://www.w3.org/2001/XMLSchema-instance" xsi:noNamespaceSchemaLocation="https://maven.apache.org/surefire/maven-surefire-plugin/xsd/surefire-test-report-3.0.xsd" version="3.0" name="com.acme.workshop.controller.CustomerControllerTest" time="6.788" tests="7" errors="0" skipped="0" failures="0">
  <properties>
[...]
</properties>
  <testcase name="shouldSearchCustomersByName" classname="com.acme.workshop.controller.CustomerControllerTest" time="0.599">
    <system-out><![CDATA[10:33:46.113 [main] INFO org.springframework.test.context.support.AnnotationConfigContextLoaderUtils -- Could not detect default configuration classes for test class [com.acme.workshop.controller.CustomerControllerTest]: CustomerControllerTest does not declare any static, non-private, non-final, nested classes annotated with @Configuration.
10:33:46.232 [main] INFO org.springframework.boot.test.context.SpringBootTestContextBootstrapper -- Found @SpringBootConfiguration com.acme.workshop.WorkshopApplication for test class com.acme.workshop.controller.CustomerControllerTest

  .   ____          _            __ _ _
 /\\ / ___'_ __ _ _(_)_ __  __ _ \ \ \ \
( ( )\___ | '_ | '_| | '_ \/ _` | \ \ \ \
 \\/  ___)| |_)| | | | | || (_| |  ) ) ) )
  '  |____| .__|_| |_|_| |_\__, | / / / /
 =========|_|==============|___/=/_/_/_/
 :: Spring Boot ::                (v3.2.0)

2025-11-15T10:33:46.611-03:00  INFO 3872 --- [acme-workshop] [           main] c.a.w.controller.CustomerControllerTest  : Starting CustomerControllerTest using Java 23.0.2 with PID 3872 (started by MARCELO in C:\Users\MARCELO\Desktop\JS.basics\ACME Solutions)
2025-11-15T10:33:46.612-03:00  INFO 3872 --- [acme-workshop] [           main] c.a.w.controller.CustomerControllerTest  : The following 1 profile is active: "test"
2025-11-15T10:33:47.405-03:00  INFO 3872 --- [acme-workshop] [           main] .s.d.r.c.RepositoryConfigurationDelegate : Bootstrapping Spring Data JPA repositories in DEFAULT mode.
2025-11-15T10:33:47.469-03:00  INFO 3872 --- [acme-workshop] [           main] .s.d.r.c.RepositoryConfigurationDelegate : Finished Spring Data repository scanning in 57 ms. Found 7 JPA repository interfaces.
2025-11-15T10:33:48.019-03:00  INFO 3872 --- [acme-workshop] [           main] com.zaxxer.hikari.HikariDataSource       : HikariPool-1 - Starting...
2025-11-15T10:33:48.179-03:00  INFO 3872 --- [acme-workshop] [           main] com.zaxxer.hikari.pool.HikariPool        : HikariPool-1 - Added connection conn0: url=jdbc:h2:mem:testdb user=SA
2025-11-15T10:33:48.181-03:00  INFO 3872 --- [acme-workshop] [           main] com.zaxxer.hikari.HikariDataSource       : HikariPool-1 - Start completed.
2025-11-15T10:33:48.392-03:00  INFO 3872 --- [acme-workshop] [           main] o.hibernate.jpa.internal.util.LogHelper  : HHH000204: Processing PersistenceUnitInfo [name: default]
2025-11-15T10:33:48.463-03:00  INFO 3872 --- [acme-workshop] [           main] org.hibernate.Version                    : HHH000412: Hibernate ORM core version 6.3.1.Final
2025-11-15T10:33:48.498-03:00  INFO 3872 --- [acme-workshop] [           main] o.h.c.internal.RegionFactoryInitiator    : HHH000026: Second-level cache disabled
2025-11-15T10:33:48.673-03:00  INFO 3872 --- [acme-workshop] [           main] o.s.o.j.p.SpringPersistenceUnitInfo      : No LoadTimeWeaver setup: ignoring JPA class transformer
2025-11-15T10:33:48.704-03:00  WARN 3872 --- [acme-workshop] [           main] org.hibernate.dialect.Dialect            : HHH000511: The 2.2.0 version for [org.hibernate.dialect.PostgreSQLDialect] is no longer supported, hence certain features may not work properly. The minimum supported version is 11.0.0. Check the community dialects project for available legacy versions.
2025-11-15T10:33:48.708-03:00  WARN 3872 --- [acme-workshop] [           main] org.hibernate.orm.deprecation            : HHH90000025: PostgreSQLDialect does not need to be specified explicitly using 'hibernate.dialect' (remove the property setting and it will be selected by default)
2025-11-15T10:33:49.416-03:00  INFO 3872 --- [acme-workshop] [           main] o.h.e.t.j.p.i.JtaPlatformInitiator       : HHH000489: No JTA platform available (set 'hibernate.transaction.jta.platform' to enable JTA platform integration)
2025-11-15T10:33:49.429-03:00 DEBUG 3872 --- [acme-workshop] [           main] org.hibernate.SQL                        : 
    alter table if exists service_items 
       drop constraint if exists FK2rlpywyqbnwsqim7n4hvw06bn
Hibernate: 
    alter table if exists service_items 
       drop constraint if exists FK2rlpywyqbnwsqim7n4hvw06bn
2025-11-15T10:33:49.430-03:00 DEBUG 3872 --- [acme-workshop] [           main] org.hibernate.SQL                        : 
    alter table if exists service_order_parts 
       drop constraint if exists FKkxaq40rp6fyhcrb8kka5iexa6
Hibernate: 
    alter table if exists service_order_parts 
       drop constraint if exists FKkxaq40rp6fyhcrb8kka5iexa6
2025-11-15T10:33:49.430-03:00 DEBUG 3872 --- [acme-workshop] [           main] org.hibernate.SQL                        : 
    alter table if exists service_order_parts 
       drop constraint if exists FK4kilengajpxqtkp39i93v6hg1
Hibernate: 
    alter table if exists service_order_parts 
       drop constraint if exists FK4kilengajpxqtkp39i93v6hg1
2025-11-15T10:33:49.430-03:00 DEBUG 3872 --- [acme-workshop] [           main] org.hibernate.SQL                        : 
    alter table if exists service_orders 
       drop constraint if exists FK5bdha4ok6kad3dg5q0ac1yta4
Hibernate: 
    alter table if exists service_orders 
       drop constraint if exists FK5bdha4ok6kad3dg5q0ac1yta4
2025-11-15T10:33:49.430-03:00 DEBUG 3872 --- [acme-workshop] [           main] org.hibernate.SQL                        : 
    alter table if exists service_orders 
       drop constraint if exists FKrflnrse9wk0fkep3e1fxrtvfq
Hibernate: 
    alter table if exists service_orders 
       drop constraint if exists FKrflnrse9wk0fkep3e1fxrtvfq
2025-11-15T10:33:49.431-03:00 DEBUG 3872 --- [acme-workshop] [           main] org.hibernate.SQL                        : 
    alter table if exists service_orders 
       drop constraint if exists FK2uw9v834crbe2vpf99sn9em9f
Hibernate: 
    alter table if exists service_orders 
       drop constraint if exists FK2uw9v834crbe2vpf99sn9em9f
2025-11-15T10:33:49.431-03:00 DEBUG 3872 --- [acme-workshop] [           main] org.hibernate.SQL                        : 
    alter table if exists vehicles 
       drop constraint if exists FKjrosretvs9ih5ybhpsd5qskc3
Hibernate: 
    alter table if exists vehicles 
       drop constraint if exists FKjrosretvs9ih5ybhpsd5qskc3
2025-11-15T10:33:49.431-03:00 DEBUG 3872 --- [acme-workshop] [           main] org.hibernate.SQL                        : 
    drop table if exists customers cascade
Hibernate: 
    drop table if exists customers cascade
2025-11-15T10:33:49.433-03:00 DEBUG 3872 --- [acme-workshop] [           main] org.hibernate.SQL                        : 
    drop table if exists parts cascade
Hibernate: 
    drop table if exists parts cascade
2025-11-15T10:33:49.434-03:00 DEBUG 3872 --- [acme-workshop] [           main] org.hibernate.SQL                        : 
    drop table if exists service_items cascade
Hibernate: 
    drop table if exists service_items cascade
2025-11-15T10:33:49.434-03:00 DEBUG 3872 --- [acme-workshop] [           main] org.hibernate.SQL                        : 
    drop table if exists service_order_parts cascade
Hibernate: 
    drop table if exists service_order_parts cascade
2025-11-15T10:33:49.435-03:00 DEBUG 3872 --- [acme-workshop] [           main] org.hibernate.SQL                        : 
    drop table if exists service_orders cascade
Hibernate: 
    drop table if exists service_orders cascade
2025-11-15T10:33:49.436-03:00 DEBUG 3872 --- [acme-workshop] [           main] org.hibernate.SQL                        : 
    drop table if exists technicians cascade
Hibernate: 
    drop table if exists technicians cascade
2025-11-15T10:33:49.437-03:00 DEBUG 3872 --- [acme-workshop] [           main] org.hibernate.SQL                        : 
    drop table if exists vehicles cascade
Hibernate: 
    drop table if exists vehicles cascade
2025-11-15T10:33:49.441-03:00 DEBUG 3872 --- [acme-workshop] [           main] org.hibernate.SQL                        : 
    create table customers (
        id bigserial not null,
        address varchar(255) not null,
        email varchar(255) not null unique,
        name varchar(255) not null,
        phone varchar(255) not null,
        primary key (id)
    )
Hibernate: 
    create table customers (
        id bigserial not null,
        address varchar(255) not null,
        email varchar(255) not null unique,
        name varchar(255) not null,
        phone varchar(255) not null,
        primary key (id)
    )
2025-11-15T10:33:49.442-03:00 DEBUG 3872 --- [acme-workshop] [           main] org.hibernate.SQL                        : 
    create table parts (
        stock integer not null,
        unit_price numeric(38,2) not null,
        id bigserial not null,
        code varchar(255) not null unique,
        name varchar(255) not null,
        primary key (id)
    )
Hibernate: 
    create table parts (
        stock integer not null,
        unit_price numeric(38,2) not null,
        id bigserial not null,
        code varchar(255) not null unique,
        name varchar(255) not null,
        primary key (id)
    )
2025-11-15T10:33:49.443-03:00 DEBUG 3872 --- [acme-workshop] [           main] org.hibernate.SQL                        : 
    create table service_items (
        labor_cost numeric(38,2) not null,
        quantity integer not null,
        id bigserial not null,
        service_order_id bigint not null,
        description varchar(255) not null,
        primary key (id)
    )
Hibernate: 
    create table service_items (
        labor_cost numeric(38,2) not null,
        quantity integer not null,
        id bigserial not null,
        service_order_id bigint not null,
        description varchar(255) not null,
        primary key (id)
    )
2025-11-15T10:33:49.444-03:00 DEBUG 3872 --- [acme-workshop] [           main] org.hibernate.SQL                        : 
    create table service_order_parts (
        quantity integer not null,
        unit_price numeric(38,2) not null,
        id bigserial not null,
        part_id bigint not null,
        service_order_id bigint not null,
        primary key (id)
    )
Hibernate: 
    create table service_order_parts (
        quantity integer not null,
        unit_price numeric(38,2) not null,
        id bigserial not null,
        part_id bigint not null,
        service_order_id bigint not null,
        primary key (id)
    )
2025-11-15T10:33:49.445-03:00 DEBUG 3872 --- [acme-workshop] [           main] org.hibernate.SQL                        : 
    create table service_orders (
        total_cost numeric(38,2) not null,
        completed_at timestamp(6),
        created_at timestamp(6) not null,
        customer_id bigint not null,
        id bigserial not null,
        technician_id bigint not null,
        vehicle_id bigint not null,
        description varchar(255) not null,
        status varchar(255) not null check (status in ('PENDING','IN_PROGRESS','COMPLETED','CANCELED')),
        primary key (id)
    )
Hibernate: 
    create table service_orders (
        total_cost numeric(38,2) not null,
        completed_at timestamp(6),
        created_at timestamp(6) not null,
        customer_id bigint not null,
        id bigserial not null,
        technician_id bigint not null,
        vehicle_id bigint not null,
        description varchar(255) not null,
        status varchar(255) not null check (status in ('PENDING','IN_PROGRESS','COMPLETED','CANCELED')),
        primary key (id)
    )
2025-11-15T10:33:49.446-03:00 DEBUG 3872 --- [acme-workshop] [           main] org.hibernate.SQL                        : 
    create table technicians (
        id bigserial not null,
        email varchar(255) not null unique,
        name varchar(255) not null,
        specialization varchar(255) not null,
        primary key (id)
    )
Hibernate: 
    create table technicians (
        id bigserial not null,
        email varchar(255) not null unique,
        name varchar(255) not null,
        specialization varchar(255) not null,
        primary key (id)
    )
2025-11-15T10:33:49.447-03:00 DEBUG 3872 --- [acme-workshop] [           main] org.hibernate.SQL                        : 
    create table vehicles (
        model_year integer not null,
        customer_id bigint not null,
        id bigserial not null,
        brand varchar(255) not null,
        license_plate varchar(255) not null unique,
        model varchar(255) not null,
        primary key (id)
    )
Hibernate: 
    create table vehicles (
        model_year integer not null,
        customer_id bigint not null,
        id bigserial not null,
        brand varchar(255) not null,
        license_plate varchar(255) not null unique,
        model varchar(255) not null,
        primary key (id)
    )
2025-11-15T10:33:49.448-03:00 DEBUG 3872 --- [acme-workshop] [           main] org.hibernate.SQL                        : 
    alter table if exists service_items 
       add constraint FK2rlpywyqbnwsqim7n4hvw06bn 
       foreign key (service_order_id) 
       references service_orders
Hibernate: 
    alter table if exists service_items 
       add constraint FK2rlpywyqbnwsqim7n4hvw06bn 
       foreign key (service_order_id) 
       references service_orders
2025-11-15T10:33:49.449-03:00 DEBUG 3872 --- [acme-workshop] [           main] org.hibernate.SQL                        : 
    alter table if exists service_order_parts 
       add constraint FKkxaq40rp6fyhcrb8kka5iexa6 
       foreign key (part_id) 
       references parts
Hibernate: 
    alter table if exists service_order_parts 
       add constraint FKkxaq40rp6fyhcrb8kka5iexa6 
       foreign key (part_id) 
       references parts
2025-11-15T10:33:49.450-03:00 DEBUG 3872 --- [acme-workshop] [           main] org.hibernate.SQL                        : 
    alter table if exists service_order_parts 
       add constraint FK4kilengajpxqtkp39i93v6hg1 
       foreign key (service_order_id) 
       references service_orders
Hibernate: 
    alter table if exists service_order_parts 
       add constraint FK4kilengajpxqtkp39i93v6hg1 
       foreign key (service_order_id) 
       references service_orders
2025-11-15T10:33:49.451-03:00 DEBUG 3872 --- [acme-workshop] [           main] org.hibernate.SQL                        : 
    alter table if exists service_orders 
       add constraint FK5bdha4ok6kad3dg5q0ac1yta4 
       foreign key (customer_id) 
       references customers
Hibernate: 
    alter table if exists service_orders 
       add constraint FK5bdha4ok6kad3dg5q0ac1yta4 
       foreign key (customer_id) 
       references customers
2025-11-15T10:33:49.451-03:00 DEBUG 3872 --- [acme-workshop] [           main] org.hibernate.SQL                        : 
    alter table if exists service_orders 
       add constraint FKrflnrse9wk0fkep3e1fxrtvfq 
       foreign key (technician_id) 
       references technicians
Hibernate: 
    alter table if exists service_orders 
       add constraint FKrflnrse9wk0fkep3e1fxrtvfq 
       foreign key (technician_id) 
       references technicians
2025-11-15T10:33:49.452-03:00 DEBUG 3872 --- [acme-workshop] [           main] org.hibernate.SQL                        : 
    alter table if exists service_orders 
       add constraint FK2uw9v834crbe2vpf99sn9em9f 
       foreign key (vehicle_id) 
       references vehicles
Hibernate: 
    alter table if exists service_orders 
       add constraint FK2uw9v834crbe2vpf99sn9em9f 
       foreign key (vehicle_id) 
       references vehicles
2025-11-15T10:33:49.453-03:00 DEBUG 3872 --- [acme-workshop] [           main] org.hibernate.SQL                        : 
    alter table if exists vehicles 
       add constraint FKjrosretvs9ih5ybhpsd5qskc3 
       foreign key (customer_id) 
       references customers
Hibernate: 
    alter table if exists vehicles 
       add constraint FKjrosretvs9ih5ybhpsd5qskc3 
       foreign key (customer_id) 
       references customers
2025-11-15T10:33:49.457-03:00  INFO 3872 --- [acme-workshop] [           main] j.LocalContainerEntityManagerFactoryBean : Initialized JPA EntityManagerFactory for persistence unit 'default'
2025-11-15T10:33:50.799-03:00  WARN 3872 --- [acme-workshop] [           main] JpaBaseConfiguration$JpaWebConfiguration : spring.jpa.open-in-view is enabled by default. Therefore, database queries may be performed during view rendering. Explicitly configure spring.jpa.open-in-view to disable this warning
2025-11-15T10:33:51.747-03:00  INFO 3872 --- [acme-workshop] [           main] o.s.b.a.h2.H2ConsoleAutoConfiguration    : H2 console available at '/h2-console'. Database available at 'jdbc:h2:mem:testdb'
2025-11-15T10:33:51.807-03:00  INFO 3872 --- [acme-workshop] [           main] o.s.b.t.m.w.SpringBootMockServletContext : Initializing Spring TestDispatcherServlet ''
2025-11-15T10:33:51.807-03:00  INFO 3872 --- [acme-workshop] [           main] o.s.t.web.servlet.TestDispatcherServlet  : Initializing Servlet ''
2025-11-15T10:33:51.815-03:00  INFO 3872 --- [acme-workshop] [           main] o.s.b.a.e.web.EndpointLinksResolver      : Exposing 3 endpoint(s) beneath base path '/actuator'
2025-11-15T10:33:51.831-03:00  INFO 3872 --- [acme-workshop] [           main] o.s.t.web.servlet.TestDispatcherServlet  : Completed initialization in 23 ms
2025-11-15T10:33:51.900-03:00  INFO 3872 --- [acme-workshop] [           main] c.a.w.controller.CustomerControllerTest  : Started CustomerControllerTest in 5.55 seconds (process running for 6.411)
2025-11-15T10:33:52.403-03:00 DEBUG 3872 --- [acme-workshop] [           main] org.hibernate.SQL                        : 
    select
        c1_0.id,
        c1_0.address,
        c1_0.email,
        c1_0.name,
        c1_0.phone 
    from
        customers c1_0
Hibernate: 
    select
        c1_0.id,
        c1_0.address,
        c1_0.email,
        c1_0.name,
        c1_0.phone 
    from
        customers c1_0
2025-11-15T10:33:52.452-03:00 DEBUG 3872 --- [acme-workshop] [           main] org.hibernate.SQL                        : 
    insert 
    into
        customers
        (address, email, name, phone) 
    values
        (?, ?, ?, ?)
Hibernate: 
    insert 
    into
        customers
        (address, email, name, phone) 
    values
        (?, ?, ?, ?)
2025-11-15T10:33:52.517-03:00 DEBUG 3872 --- [acme-workshop] [           main] org.hibernate.SQL                        : 
    select
        c1_0.id,
        c1_0.address,
        c1_0.email,
        c1_0.name,
        c1_0.phone 
    from
        customers c1_0 
    where
        upper(c1_0.name) like upper(?) escape '\'
Hibernate: 
    select
        c1_0.id,
        c1_0.address,
        c1_0.email,
        c1_0.name,
        c1_0.phone 
    from
        customers c1_0 
    where
        upper(c1_0.name) like upper(?) escape '\'
]]></system-out>
    <system-err><![CDATA[WARNING: A Java agent has been loaded dynamically (C:\Users\MARCELO\.m2\repository\net\bytebuddy\byte-buddy-agent\1.14.10\byte-buddy-agent-1.14.10.jar)
WARNING: If a serviceability tool is in use, please run with -XX:+EnableDynamicAgentLoading to hide this warning
WARNING: If a serviceability tool is not in use, please run with -Djdk.instrument.traceUsage for more information
WARNING: Dynamic loading of agents will be disallowed by default in a future release
]]></system-err>
  </testcase>
  <testcase name="shouldGetAllCustomers" classname="com.acme.workshop.controller.CustomerControllerTest" time="0.01">
    <system-out><![CDATA[2025-11-15T10:33:52.607-03:00 DEBUG 3872 --- [acme-workshop] [           main] org.hibernate.SQL                        : 
    select
        c1_0.id,
        c1_0.address,
        c1_0.email,
        c1_0.name,
        c1_0.phone 
    from
        customers c1_0
Hibernate: 
    select
        c1_0.id,
        c1_0.address,
        c1_0.email,
        c1_0.name,
        c1_0.phone 
    from
        customers c1_0
2025-11-15T10:33:52.608-03:00 DEBUG 3872 --- [acme-workshop] [           main] org.hibernate.SQL                        : 
    insert 
    into
        customers
        (address, email, name, phone) 
    values
        (?, ?, ?, ?)
Hibernate: 
    insert 
    into
        customers
        (address, email, name, phone) 
    values
        (?, ?, ?, ?)
2025-11-15T10:33:52.611-03:00 DEBUG 3872 --- [acme-workshop] [           main] org.hibernate.SQL                        : 
    select
        c1_0.id,
        c1_0.address,
        c1_0.email,
        c1_0.name,
        c1_0.phone 
    from
        customers c1_0
Hibernate: 
    select
        c1_0.id,
        c1_0.address,
        c1_0.email,
        c1_0.name,
        c1_0.phone 
    from
        customers c1_0
]]></system-out>
  </testcase>
  <testcase name="shouldUpdateCustomer" classname="com.acme.workshop.controller.CustomerControllerTest" time="0.081">
    <system-out><![CDATA[2025-11-15T10:33:52.619-03:00 DEBUG 3872 --- [acme-workshop] [           main] org.hibernate.SQL                        : 
    select
        c1_0.id,
        c1_0.address,
        c1_0.email,
        c1_0.name,
        c1_0.phone 
    from
        customers c1_0
Hibernate: 
    select
        c1_0.id,
        c1_0.address,
        c1_0.email,
        c1_0.name,
        c1_0.phone 
    from
        customers c1_0
2025-11-15T10:33:52.620-03:00 DEBUG 3872 --- [acme-workshop] [           main] org.hibernate.SQL                        : 
    insert 
    into
        customers
        (address, email, name, phone) 
    values
        (?, ?, ?, ?)
Hibernate: 
    insert 
    into
        customers
        (address, email, name, phone) 
    values
        (?, ?, ?, ?)
]]></system-out>
  </testcase>
  <testcase name="shouldCreateCustomer" classname="com.acme.workshop.controller.CustomerControllerTest" time="0.016">
    <system-out><![CDATA[2025-11-15T10:33:52.699-03:00 DEBUG 3872 --- [acme-workshop] [           main] org.hibernate.SQL                        : 
    select
        c1_0.id,
        c1_0.address,
        c1_0.email,
        c1_0.name,
        c1_0.phone 
    from
        customers c1_0
Hibernate: 
    select
        c1_0.id,
        c1_0.address,
        c1_0.email,
        c1_0.name,
        c1_0.phone 
    from
        customers c1_0
2025-11-15T10:33:52.700-03:00 DEBUG 3872 --- [acme-workshop] [           main] org.hibernate.SQL                        : 
    insert 
    into
        customers
        (address, email, name, phone) 
    values
        (?, ?, ?, ?)
Hibernate: 
    insert 
    into
        customers
        (address, email, name, phone) 
    values
        (?, ?, ?, ?)
2025-11-15T10:33:52.707-03:00 DEBUG 3872 --- [acme-workshop] [           main] org.hibernate.SQL                        : 
    select
        c1_0.id 
    from
        customers c1_0 
    where
        c1_0.email=? 
    fetch
        first ? rows only
Hibernate: 
    select
        c1_0.id 
    from
        customers c1_0 
    where
        c1_0.email=? 
    fetch
        first ? rows only
2025-11-15T10:33:52.708-03:00 DEBUG 3872 --- [acme-workshop] [           main] org.hibernate.SQL                        : 
    insert 
    into
        customers
        (address, email, name, phone) 
    values
        (?, ?, ?, ?)
Hibernate: 
    insert 
    into
        customers
        (address, email, name, phone) 
    values
        (?, ?, ?, ?)
]]></system-out>
  </testcase>
  <testcase name="shouldGetCustomerById" classname="com.acme.workshop.controller.CustomerControllerTest" time="0.013">
    <system-out><![CDATA[2025-11-15T10:33:52.716-03:00 DEBUG 3872 --- [acme-workshop] [           main] org.hibernate.SQL                        : 
    select
        c1_0.id,
        c1_0.address,
        c1_0.email,
        c1_0.name,
        c1_0.phone 
    from
        customers c1_0
Hibernate: 
    select
        c1_0.id,
        c1_0.address,
        c1_0.email,
        c1_0.name,
        c1_0.phone 
    from
        customers c1_0
2025-11-15T10:33:52.717-03:00 DEBUG 3872 --- [acme-workshop] [           main] org.hibernate.SQL                        : 
    insert 
    into
        customers
        (address, email, name, phone) 
    values
        (?, ?, ?, ?)
Hibernate: 
    insert 
    into
        customers
        (address, email, name, phone) 
    values
        (?, ?, ?, ?)
]]></system-out>
  </testcase>
  <testcase name="shouldReturnNotFoundForInvalidId" classname="com.acme.workshop.controller.CustomerControllerTest" time="0.011">
    <system-out><![CDATA[2025-11-15T10:33:52.731-03:00 DEBUG 3872 --- [acme-workshop] [           main] org.hibernate.SQL                        : 
    select
        c1_0.id,
        c1_0.address,
        c1_0.email,
        c1_0.name,
        c1_0.phone 
    from
        customers c1_0
Hibernate: 
    select
        c1_0.id,
        c1_0.address,
        c1_0.email,
        c1_0.name,
        c1_0.phone 
    from
        customers c1_0
2025-11-15T10:33:52.732-03:00 DEBUG 3872 --- [acme-workshop] [           main] org.hibernate.SQL                        : 
    insert 
    into
        customers
        (address, email, name, phone) 
    values
        (?, ?, ?, ?)
Hibernate: 
    insert 
    into
        customers
        (address, email, name, phone) 
    values
        (?, ?, ?, ?)
2025-11-15T10:33:52.735-03:00 DEBUG 3872 --- [acme-workshop] [           main] org.hibernate.SQL                        : 
    select
        c1_0.id,
        c1_0.address,
        c1_0.email,
        c1_0.name,
        c1_0.phone 
    from
        customers c1_0 
    where
        c1_0.id=?
Hibernate: 
    select
        c1_0.id,
        c1_0.address,
        c1_0.email,
        c1_0.name,
        c1_0.phone 
    from
        customers c1_0 
    where
        c1_0.id=?
]]></system-out>
  </testcase>
  <testcase name="shouldDeleteCustomer" classname="com.acme.workshop.controller.CustomerControllerTest" time="0.011">
    <system-out><![CDATA[2025-11-15T10:33:52.742-03:00 DEBUG 3872 --- [acme-workshop] [           main] org.hibernate.SQL                        : 
    select
        c1_0.id,
        c1_0.address,
        c1_0.email,
        c1_0.name,
        c1_0.phone 
    from
        customers c1_0
Hibernate: 
    select
        c1_0.id,
        c1_0.address,
        c1_0.email,
        c1_0.name,
        c1_0.phone 
    from
        customers c1_0
2025-11-15T10:33:52.743-03:00 DEBUG 3872 --- [acme-workshop] [           main] org.hibernate.SQL                        : 
    insert 
    into
        customers
        (address, email, name, phone) 
    values
        (?, ?, ?, ?)
Hibernate: 
    insert 
    into
        customers
        (address, email, name, phone) 
    values
        (?, ?, ?, ?)
]]></system-out>
  </testcase>
</testsuite>