<?xml version="1.0" encoding="UTF-8"?>
<testsuite xmlns:xsi="http://www.w3.org/2001/XMLSchema-instance" xsi:noNamespaceSchemaLocation="https://maven.apache.org/surefire/maven-surefire-plugin/xsd/surefire-test-report-3.0.xsd" version="3.0" name="com.acme.workshop.controller.PartControllerTest" time="0.118" tests="7" errors="0" skipped="0" failures="0">
  <properties>
[...]
</properties>
  <testcase name="shouldUpdatePart" classname="com.acme.workshop.controller.PartControllerTest" time="0.035">
    <system-out><![CDATA[2025-11-15T10:33:52.763-03:00  INFO 3872 --- [acme-workshop] [           main] t.c.s.AnnotationConfigContextLoaderUtils : Could not detect default configuration classes for test class [com.acme.workshop.controller.PartControllerTest]: PartControllerTest does not declare any static, non-private, non-final, nested classes annotated with @Configuration.
2025-11-15T10:33:52.766-03:00  INFO 3872 --- [acme-workshop] [           main] .b.t.c.SpringBootTestContextBootstrapper : Found @SpringBootConfiguration com.acme.workshop.WorkshopApplication for test class com.acme.workshop.controller.PartControllerTest
2025-11-15T10:33:52.772-03:00 DEBUG 3872 --- [acme-workshop] [           main] org.hibernate.SQL                        : 
    select
        p1_0.id,
        p1_0.code,
        p1_0.name,
        p1_0.stock,
        p1_0.unit_price 
    from
        parts p1_0
Hibernate: 
    select
        p1_0.id,
        p1_0.code,
        p1_0.name,
        p1_0.stock,
        p1_0.unit_price 
    from
        parts p1_0
2025-11-15T10:33:52.776-03:00 DEBUG 3872 --- [acme-workshop] [           main] org.hibernate.SQL                        : 
    insert 
    into
        parts
        (code, name, stock, unit_price) 
    values
        (?, ?, ?, ?)
Hibernate: 
    insert 
    into
        parts
        (code, name, stock, unit_price) 
    values
        (?, ?, ?, ?)
]]></system-out>
  </testcase>
  <testcase name="shouldGetPartById" classname="com.acme.workshop.controller.PartControllerTest" time="0.011">
    <system-out><![CDATA[2025-11-15T10:33:52.807-03:00 DEBUG 3872 --- [acme-workshop] [           main] org.hibernate.SQL                        : 
    select
        p1_0.id,
        p1_0.code,
        p1_0.name,
        p1_0.stock,
        p1_0.unit_price 
    from
        parts p1_0
Hibernate: 
    select
        p1_0.id,
        p1_0.code,
        p1_0.name,
        p1_0.stock,
        p1_0.unit_price 
    from
        parts p1_0
2025-11-15T10:33:52.808-03:00 DEBUG 3872 --- [acme-workshop] [           main] org.hibernate.SQL                        : 
    insert 
    into
        parts
        (code, name, stock, unit_price) 
    values
        (?, ?, ?, ?)
Hibernate: 
    insert 
    into
        parts
        (code, name, stock, unit_price) 
    values
        (?, ?, ?, ?)
]]></system-out>
  </testcase>
  <testcase name="shouldUpdateStock" classname="com.acme.workshop.controller.PartControllerTest" time="0.01">
    <system-out><![CDATA[2025-11-15T10:33:52.819-03:00 DEBUG 3872 --- [acme-workshop] [           main] org.hibernate.SQL                        : 
    select
        p1_0.id,
        p1_0.code,
        p1_0.name,
        p1_0.stock,
        p1_0.unit_price 
    from
        parts p1_0
Hibernate: 
    select
        p1_0.id,
        p1_0.code,
        p1_0.name,
        p1_0.stock,
        p1_0.unit_price 
    from
        parts p1_0
2025-11-15T10:33:52.820-03:00 DEBUG 3872 --- [acme-workshop] [           main] org.hibernate.SQL                        : 
    insert 
    into
        parts
        (code, name, stock, unit_price) 
    values
        (?, ?, ?, ?)
Hibernate: 
    insert 
    into
        parts
        (code, name, stock, unit_price) 
    values
        (?, ?, ?, ?)
]]></system-out>
  </testcase>
  <testcase name="shouldCreatePart" classname="com.acme.workshop.controller.PartControllerTest" time="0.013">
    <system-out><![CDATA[2025-11-15T10:33:52.830-03:00 DEBUG 3872 --- [acme-workshop] [           main] org.hibernate.SQL                        : 
    select
        p1_0.id,
        p1_0.code,
        p1_0.name,
        p1_0.stock,
        p1_0.unit_price 
    from
        parts p1_0
Hibernate: 
    select
        p1_0.id,
        p1_0.code,
        p1_0.name,
        p1_0.stock,
        p1_0.unit_price 
    from
        parts p1_0
2025-11-15T10:33:52.831-03:00 DEBUG 3872 --- [acme-workshop] [           main] org.hibernate.SQL                        : 
    insert 
    into
        parts
        (code, name, stock, unit_price) 
    values
        (?, ?, ?, ?)
Hibernate: 
    insert 
    into
        parts
        (code, name, stock, unit_price) 
    values
        (?, ?, ?, ?)
2025-11-15T10:33:52.836-03:00 DEBUG 3872 --- [acme-workshop] [           main] org.hibernate.SQL                        : 
    insert 
    into
        parts
        (code, name, stock, unit_price) 
    values
        (?, ?, ?, ?)
Hibernate: 
    insert 
    into
        parts
        (code, name, stock, unit_price) 
    values
        (?, ?, ?, ?)
]]></system-out>
  </testcase>
  <testcase name="shouldGetAllParts" classname="com.acme.workshop.controller.PartControllerTest" time="0.013">
    <system-out><![CDATA[2025-11-15T10:33:52.844-03:00 DEBUG 3872 --- [acme-workshop] [           main] org.hibernate.SQL                        : 
    select
        p1_0.id,
        p1_0.code,
        p1_0.name,
        p1_0.stock,
        p1_0.unit_price 
    from
        parts p1_0
Hibernate: 
    select
        p1_0.id,
        p1_0.code,
        p1_0.name,
        p1_0.stock,
        p1_0.unit_price 
    from
        parts p1_0
2025-11-15T10:33:52.845-03:00 DEBUG 3872 --- [acme-workshop] [           main] org.hibernate.SQL                        : 
    insert 
    into
        parts
        (code, name, stock, unit_price) 
    values
        (?, ?, ?, ?)
Hibernate: 
    insert 
    into
        parts
        (code, name, stock, unit_price) 
    values
        (?, ?, ?, ?)
2025-11-15T10:33:52.849-03:00 DEBUG 3872 --- [acme-workshop] [           main] org.hibernate.SQL                        : 
    select
        p1_0.id,
        p1_0.code,
        p1_0.name,
        p1_0.stock,
        p1_0.unit_price 
    from
        parts p1_0
Hibernate: 
    select
        p1_0.id,
        p1_0.code,
        p1_0.name,
        p1_0.stock,
        p1_0.unit_price 
    from
        parts p1_0
]]></system-out>
  </testcase>
  <testcase name="shouldDeletePart" classname="com.acme.workshop.controller.PartControllerTest" time="0.009">
    <system-out><![CDATA[2025-11-15T10:33:52.857-03:00 DEBUG 3872 --- [acme-workshop] [           main] org.hibernate.SQL                        : 
    select
        p1_0.id,
        p1_0.code,
        p1_0.name,
        p1_0.stock,
        p1_0.unit_price 
    from
        parts p1_0
Hibernate: 
    select
        p1_0.id,
        p1_0.code,
        p1_0.name,
        p1_0.stock,
        p1_0.unit_price 
    from
        parts p1_0
2025-11-15T10:33:52.859-03:00 DEBUG 3872 --- [acme-workshop] [           main] org.hibernate.SQL                        : 
    insert 
    into
        parts
        (code, name, stock, unit_price) 
    values
        (?, ?, ?, ?)
Hibernate: 
    insert 
    into
        parts
        (code, name, stock, unit_price) 
    values
        (?, ?, ?, ?)
]]></system-out>
  </testcase>
  <testcase name="shouldGetPartByCode" classname="com.acme.workshop.controller.PartControllerTest" time="0.012">
    <system-out><![CDATA[2025-11-15T10:33:52.868-03:00 DEBUG 3872 --- [acme-workshop] [           main] org.hibernate.SQL                        : 
    select
        p1_0.id,
        p1_0.code,
        p1_0.name,
        p1_0.stock,
        p1_0.unit_price 
    from
        parts p1_0
Hibernate: 
    select
        p1_0.id,
        p1_0.code,
        p1_0.name,
        p1_0.stock,
        p1_0.unit_price 
    from
        parts p1_0
2025-11-15T10:33:52.869-03:00 DEBUG 3872 --- [acme-workshop] [           main] org.hibernate.SQL                        : 
    insert 
    into
        parts
        (code, name, stock, unit_price) 
    values
        (?, ?, ?, ?)
Hibernate: 
    insert 
    into
        parts
        (code, name, stock, unit_price) 
    values
        (?, ?, ?, ?)
2025-11-15T10:33:52.873-03:00 DEBUG 3872 --- [acme-workshop] [           main] org.hibernate.SQL                        : 
    select
        p1_0.id,
        p1_0.code,
        p1_0.name,
        p1_0.stock,
        p1_0.unit_price 
    from
        parts p1_0 
    where
        p1_0.code=?
Hibernate: 
    select
        p1_0.id,
        p1_0.code,
        p1_0.name,
        p1_0.stock,
        p1_0.unit_price 
    from
        parts p1_0 
    where
        p1_0.code=?
]]></system-out>
  </testcase>
</testsuite>